commit 55ad93e94342cce7475a6c226576a0d977b50d43
Author: Simon <simon.weisser@utexas.edu>
Date:   Tue Oct 8 13:05:18 2019 -0500

    updated log

commit 9fac29e152b92e1404e89d0607b7e880b35f6b6a
Author: Simon <simon.weisser@utexas.edu>
Date:   Mon Oct 7 21:38:26 2019 -0500

    edit pydoc

commit a56a73cfd3771156abde9825950de00108b5af05
Author: Simon <simon.weisser@utexas.edu>
Date:   Mon Oct 7 21:33:25 2019 -0500

    end of phase 5

commit 00702d260a303331b3fedf48b4fe62392bd16dfb
Author: Simon <simon.weisser@utexas.edu>
Date:   Mon Oct 7 15:22:12 2019 -0500

    modify unit test

commit afbc2afcf66034d4bd477eb0b84b54822e438720
Author: Simon <simon.weisser@utexas.edu>
Date:   Sun Oct 6 13:56:05 2019 -0500

    modify collatz

commit ee7789140b77a2d4793cc5e8a4d880758fca5eb2
Author: Simon <simon.weisser@utexas.edu>
Date:   Sun Oct 6 13:42:02 2019 -0500

    modify unit tests

commit 83dcfeb1ec64cf04740658affee82c68fb245fed
Author: Simon <simon.weisser@utexas.edu>
Date:   Sat Oct 5 11:58:01 2019 -0500

    update including cache

commit ebbdc08b347960ec260dbfa651fbb1aed1092e8c
Author: Simon <simon.weisser@utexas.edu>
Date:   Thu Oct 3 16:34:59 2019 -0500

    end of phase 2

commit 339f8fe14d91c52983e75c96cd5f411e3e9b4100
Author: Simon <simon.weisser@utexas.edu>
Date:   Tue Oct 1 16:24:19 2019 -0500

    eighth commit

commit 707c1c7026d39b09edeebb69f633df65127ced13
Author: Simon <simon.weisser@utexas.edu>
Date:   Tue Oct 1 16:15:31 2019 -0500

    seventh commit

commit 0a98943e19adce333fc69c8027fb97e0a8a2a802
Author: Simon <simon.weisser@utexas.edu>
Date:   Tue Oct 1 14:07:00 2019 -0500

    sixth commit

commit 8a8a7d0d243ce00448e8fad661a0cc4f62b5f999
Author: Simon <simon.weisser@utexas.edu>
Date:   Wed Sep 25 17:04:22 2019 -0500

    fifth commit

commit 2a5cbee29b4c6a7f255b6f44aa364c079d700ead
Author: Simon <simon.weisser@utexas.edu>
Date:   Wed Sep 25 17:03:44 2019 -0500

    fourth commit

commit 32281871881c9b1f31a2f63e2eb620a3d37d8eee
Author: Simon <simon.weisser@utexas.edu>
Date:   Wed Sep 25 17:02:28 2019 -0500

    fourth commit

commit c54a0600aa0b17266ce7c1d90509afe50c2d4cf8
Author: Simon <simon.weisser@utexas.edu>
Date:   Wed Sep 25 17:00:38 2019 -0500

    third commit

commit c3a463b48fda73f7951f246094b767be704cd398
Author: Simon <simon.weisser@utexas.edu>
Date:   Wed Sep 25 16:58:51 2019 -0500

    second commit

commit b57dbc7820b18f9666b72def5fdcdd22012d3dc7
Author: Simon <simon.weisser@utexas.edu>
Date:   Tue Sep 24 13:28:28 2019 -0500

    first commit

commit 2015c2097fe581cec3f8dbce9f7e496c029c75ec
Author: Simon <simon.weisser@utexas.edu>
Date:   Mon Sep 23 15:09:13 2019 -0500

    first commit

commit 8ea5cf44971147ba2f8d018fc1d1c1aa6a20553a
Author: Fares Fraij <fares@utexas.edu>
Date:   Sat Aug 24 14:27:56 2019 -0700

    first commit

commit a22a10e96b3338d4f58a227b34de8df530861827
Author: Fares Fraij <fares@utexas.edu>
Date:   Sat Aug 24 21:23:21 2019 +0000

    Initial commit
