1 10 20
100 200 125
201 210 89
900 1000 174
1200 1299 177
230000 232500 443
1 3 8
145100 145300 189
1759 1900 175
999000 999999 396
802000 805000 388
343000 343300 273
567222 569000 359
6000 11000 268
33000 33434 267
390000 395000 405
678 1000 179
4523 6000 236
7000 13000 268
88888 92000 333
898000 900000 370
767555 767999 468
123456 125678 318
86999 92000 333
1 5000 238
756 5756 238
7890 11000 268
34 847 171
67439 71000 312
167000 175000 347
84756 91837 333
90000 95000 333
120000 130000 344
4905 9032 262
12 12000 268
389 9003 262
78400 93000 338
145 388 144
453000 455600 369
49000 53000 340
682 9840 262
6589 11200 268
9800 11500 268
130499 130502 163
877 8779 262
40333 47893 314
47 947 179
10000 14000 276
2674 3189 217
5000 8755 262
39000 43500 306
560000 567890 421
689432 693040 442
110004 110999 292
392000 395066 405
493200 500000 395
70344 77888 351
770000 777000 437
504 12345 268
76300 79000 351
15555 16000 253
493333 496000 395
8288 10000 260
5 500 144
456 459 129
12000 94888 351
405000 409999 405
59488 64000 335
584999 585999 359
200000 204050 342
867990 868000 251
67888 69000 312
584999 595000 403
493 6789 262
3000 9000 262
45600 49999 314
87555 90000 333
10 999 179
390 844 171
90300 100000 333
784999 792000 406
909000 911232 476
3044 7700 262
49000 53433 340
4098 5000 215
402 503 142
899 8999 262
906 2000 182
4999 6999 262
30002 40000 324
5666 9099 262
490 2333 183
40000 50000 314
90333 93033 333
9875 13000 268
59300 62300 335
493333 500000 395
8699 10000 260
13 938 179
488 3999 238
48000 50000 296
9009 14000 276
664777 668000 442
968000 999000 458
999000 999789 396
904000 910000 445
388444 392009 436
3820 4560 215
493333 497800 395
58000 63456 335
59222 62460 335
79040 81009 320
720 1170 182
200200 200900 342
210909 223000 386
694000 700000 367
59040 78000 351
489000 517000 470
759300 767000 380
95000 100000 328
103900 111999 354
1030 2030 182
40000 50000 314
90400 109000 354
390444 400000 405
593000 595999 328
203888 300000 443
49300 56700 340
5 10000 262
2 19 21
40 5670 238
593 6789 262
490 2300 183
495000 506799 426
789000 820000 468
5940 8900 262
594 1345 182
960 112300 354
4903 5000 210
6930 7888 257
6950 7500 239
8300 20000 279
50 56 113
1 101 119
3000 4000 238
609 6200 262
594 679 145
345988 356091 379
23444 30000 308
6 7891 262
200 700 145
20300 24000 282
450 690 145
23999 28000 308
4930 5467 197
302 506 144
